<?xml version="1.0" encoding="UTF-8"?>
<!-- Generated by org.testng.reporters.JUnitReportReporter -->
<testsuite hostname="varun" failures="0" tests="1" name="com.tutorialsninja.qa.testcases.RegisterTest" time="5.247" errors="0" timestamp="2024-01-11T17:28:56 IST" skipped="0">
  <testcase classname="com.tutorialsninja.qa.testcases.RegisterTest" name="VerifyRegisteringAccountWithExistingEmailAddress" time="5.247"/>
</testsuite> <!-- com.tutorialsninja.qa.testcases.RegisterTest -->
